Received JSON: {"username":"kittim2","password":"12345"}
Entered: 12345
Stored: $2y$10$VYPRTku.f6b0Cmy9XC15y.NhmY6sngSmZe5gmO40K65dplNSzU0JS
Received JSON: {"username":"kittim2","password":"12345"}
Entered: 12345
Stored: $2y$10$VYPRTku.f6b0Cmy9XC15y.NhmY6sngSmZe5gmO40K65dplNSzU0JS
Received JSON: {"username":"kittim2","password":"12345"}
Entered: 12345
Stored: $2y$10$VYPRTku.f6b0Cmy9XC15y.NhmY6sngSmZe5gmO40K65dplNSzU0JS
Received JSON: {"username":"kittim2","password":"12345"}
Entered: 12345
Stored: $2y$10$VYPRTku.f6b0Cmy9XC15y.NhmY6sngSmZe5gmO40K65dplNSzU0JS
Received JSON: {"username":"tims","password":"12345"}
Entered: 12345
Stored: $2y$10$d4AMeLODbItpLehF6DiSn.f4dKTsg96QZKba1l/vt2yz0i6xg7KuS
Received JSON: {"username":"admin","password":"123"}
Entered: 123
Stored: $2y$10$L.hibyP3y5fTj1EoCZHmWOsq5M0xrutH.5ja0VELFGnThUaEc6SDG
Received JSON: {"username":"admin","password":"123"}
Entered: 123
Stored: $2y$10$L.hibyP3y5fTj1EoCZHmWOsq5M0xrutH.5ja0VELFGnThUaEc6SDG
Received JSON: {"username":"admin","password":"123"}
Entered: 123
Stored: $2y$10$L.hibyP3y5fTj1EoCZHmWOsq5M0xrutH.5ja0VELFGnThUaEc6SDG
Received JSON: {"username":"kittim2","password":"12345"}
Entered: 12345
Stored: $2y$10$VYPRTku.f6b0Cmy9XC15y.NhmY6sngSmZe5gmO40K65dplNSzU0JS
Received JSON: {"username":"kittim2","password":"12345"}
Entered: 12345
Stored: $2y$10$VYPRTku.f6b0Cmy9XC15y.NhmY6sngSmZe5gmO40K65dplNSzU0JS
Received JSON: {"username":"kittim2","password":"123455"}
Entered: 123455
Stored: $2y$10$VYPRTku.f6b0Cmy9XC15y.NhmY6sngSmZe5gmO40K65dplNSzU0JS
Received JSON: {"username":"kittim2","password":"12345"}
Entered: 12345
Stored: $2y$10$VYPRTku.f6b0Cmy9XC15y.NhmY6sngSmZe5gmO40K65dplNSzU0JS
Received JSON: {"username":"kittim1","password":"123456"}
Entered: 123456
Stored: 12345
Received JSON: {"username":"kittim2","password":"12345"}
Entered: 12345
Stored: $2y$10$VYPRTku.f6b0Cmy9XC15y.NhmY6sngSmZe5gmO40K65dplNSzU0JS
Received JSON: {"username":"admin","password":"12345"}
Entered: 12345
Stored: $2y$10$L.hibyP3y5fTj1EoCZHmWOsq5M0xrutH.5ja0VELFGnThUaEc6SDG
Received JSON: {"username":"admin","password":"12345"}
Entered: 12345
Stored: $2y$10$L.hibyP3y5fTj1EoCZHmWOsq5M0xrutH.5ja0VELFGnThUaEc6SDG
Received JSON: {"username":"admin","password":"123456"}
Entered: 123456
Stored: $2y$10$L.hibyP3y5fTj1EoCZHmWOsq5M0xrutH.5ja0VELFGnThUaEc6SDG
Received JSON: {"username":"admin","password":"admin"}
Entered: admin
Stored: $2y$10$L.hibyP3y5fTj1EoCZHmWOsq5M0xrutH.5ja0VELFGnThUaEc6SDG
Received JSON: {"username":"tims","password":"123245"}
Entered: 123245
Stored: $2y$10$d4AMeLODbItpLehF6DiSn.f4dKTsg96QZKba1l/vt2yz0i6xg7KuS
Received JSON: {"username":"tims","password":"123"}
Entered: 123
Stored: $2y$10$d4AMeLODbItpLehF6DiSn.f4dKTsg96QZKba1l/vt2yz0i6xg7KuS
Received JSON: {"username":"admin","password":"123"}
Entered: 123
Stored: $2y$10$L.hibyP3y5fTj1EoCZHmWOsq5M0xrutH.5ja0VELFGnThUaEc6SDG
